[33m[nodemon] 2.0.4[39m
[33m[nodemon] to restart at any time, enter `rs`[39m
[33m[nodemon] watching path(s): *.*[39m
[33m[nodemon] watching extensions: js,mjs,json[39m
[32m[nodemon] starting `node index.js`[39m
server is running in 3232
[32m[nodemon] restarting child process[39m
events.js:287
      throw er; // Unhandled 'error' event
      ^

Error: read EIO
    at TTY.onStreamRead (internal/stream_base_commons.js:205:27)
Emitted 'error' event on ReadStream instance at:
    at emitErrorNT (internal/streams/destroy.js:92:8)
    at emitErrorAndCloseNT (internal/streams/destroy.js:60:3)
    at processTicksAndRejections (internal/process/task_queues.js:84:21) {
  errno: 'EIO',
  code: 'EIO',
  syscall: 'read'
}
